0 info it worked if it ends with ok
1 verbose cli [ 'C:\\Program Files\\nodejs\\node.exe',
1 verbose cli   'C:\\Program Files\\nodejs\\node_modules\\npm\\bin\\npm-cli.js',
1 verbose cli   'update',
1 verbose cli   'jQuery' ]
2 info using npm@3.10.3
3 info using node@v6.5.0
4 silly mapToRegistry name jQuery
5 silly mapToRegistry using default registry
6 silly mapToRegistry registry https://registry.npmjs.org/
7 silly mapToRegistry data Result {
7 silly mapToRegistry   raw: 'jQuery',
7 silly mapToRegistry   scope: null,
7 silly mapToRegistry   escapedName: 'jQuery',
7 silly mapToRegistry   name: 'jQuery',
7 silly mapToRegistry   rawSpec: '',
7 silly mapToRegistry   spec: 'latest',
7 silly mapToRegistry   type: 'tag' }
8 silly mapToRegistry uri https://registry.npmjs.org/jQuery
9 verbose request uri https://registry.npmjs.org/jQuery
10 verbose request no auth needed
11 info attempt registry request try #1 at 3:28:30 PM
12 verbose request id b0dfb5f64656eea9
13 verbose etag W/"5908cd1c-1fa6"
14 verbose lastModified Tue, 02 May 2017 18:17:00 GMT
15 http request GET https://registry.npmjs.org/jQuery
16 http 304 https://registry.npmjs.org/jQuery
17 verbose headers { date: 'Sun, 07 May 2017 09:58:31 GMT',
17 verbose headers   via: '1.1 varnish',
17 verbose headers   'cache-control': 'max-age=300',
17 verbose headers   etag: 'W/"5908cd1c-1fa6"',
17 verbose headers   age: '21',
17 verbose headers   connection: 'keep-alive',
17 verbose headers   'x-served-by': 'cache-lhr6329-LHR',
17 verbose headers   'x-cache': 'HIT',
17 verbose headers   'x-cache-hits': '1',
17 verbose headers   'x-timer': 'S1494151111.471229,VS0,VE0',
17 verbose headers   vary: 'Accept-Encoding' }
18 silly get cb [ 304,
18 silly get   { date: 'Sun, 07 May 2017 09:58:31 GMT',
18 silly get     via: '1.1 varnish',
18 silly get     'cache-control': 'max-age=300',
18 silly get     etag: 'W/"5908cd1c-1fa6"',
18 silly get     age: '21',
18 silly get     connection: 'keep-alive',
18 silly get     'x-served-by': 'cache-lhr6329-LHR',
18 silly get     'x-cache': 'HIT',
18 silly get     'x-cache-hits': '1',
18 silly get     'x-timer': 'S1494151111.471229,VS0,VE0',
18 silly get     vary: 'Accept-Encoding' } ]
19 verbose etag https://registry.npmjs.org/jQuery from cache
20 verbose get saving jQuery to C:\Users\Ramadurgarao\AppData\Roaming\npm-cache\registry.npmjs.org\jQuery\.cache.json
21 verbose correctMkdir C:\Users\Ramadurgarao\AppData\Roaming\npm-cache correctMkdir not in flight; initializing
22 silly cache add args [ 'jQuery', '^1.9.1' ]
23 verbose cache add spec jQuery@^1.9.1
24 silly cache add parsed spec Result {
24 silly cache add   raw: 'jQuery@^1.9.1',
24 silly cache add   scope: null,
24 silly cache add   escapedName: 'jQuery',
24 silly cache add   name: 'jQuery',
24 silly cache add   rawSpec: '^1.9.1',
24 silly cache add   spec: '>=1.9.1 <2.0.0',
24 silly cache add   type: 'range' }
25 silly addNamed jQuery@>=1.9.1 <2.0.0
26 verbose addNamed ">=1.9.1 <2.0.0" is a valid semver range for jQuery
27 silly addNameRange { name: 'jQuery', range: '>=1.9.1 <2.0.0', hasData: false }
28 silly mapToRegistry name jQuery
29 silly mapToRegistry using default registry
30 silly mapToRegistry registry https://registry.npmjs.org/
31 silly mapToRegistry data Result {
31 silly mapToRegistry   raw: 'jQuery',
31 silly mapToRegistry   scope: null,
31 silly mapToRegistry   escapedName: 'jQuery',
31 silly mapToRegistry   name: 'jQuery',
31 silly mapToRegistry   rawSpec: '',
31 silly mapToRegistry   spec: 'latest',
31 silly mapToRegistry   type: 'tag' }
32 silly mapToRegistry uri https://registry.npmjs.org/jQuery
33 verbose addNameRange registry:https://registry.npmjs.org/jQuery not in flight; fetching
34 verbose get https://registry.npmjs.org/jQuery not expired, no request
35 silly addNameRange number 2 { name: 'jQuery', range: '>=1.9.1 <2.0.0', hasData: true }
36 silly addNameRange versions [ 'jQuery', [ '1.6.2', '1.6.3', '1.7.2', '1.7.3', '1.7.4' ] ]
37 verbose stack Error: No compatible version found: jQuery@'>=1.9.1 <2.0.0'
37 verbose stack Valid install targets:
37 verbose stack 1.6.2, 1.6.3, 1.7.2, 1.7.3, 1.7.4
37 verbose stack
37 verbose stack     at installTargetsError (C:\Program Files\nodejs\node_modules\npm\lib\cache\add-named.js:292:12)
37 verbose stack     at next (C:\Program Files\nodejs\node_modules\npm\lib\cache\add-named.js:270:19)
37 verbose stack     at setData (C:\Program Files\nodejs\node_modules\npm\lib\cache\add-named.js:242:5)
37 verbose stack     at RES (C:\Program Files\nodejs\node_modules\npm\node_modules\inflight\inflight.js:23:14)
37 verbose stack     at f (C:\Program Files\nodejs\node_modules\npm\node_modules\once\once.js:17:25)
37 verbose stack     at fixName (C:\Program Files\nodejs\node_modules\npm\lib\cache\add-named.js:30:5)
37 verbose stack     at C:\Program Files\nodejs\node_modules\npm\lib\utils\pulse-till-done.js:20:8
37 verbose stack     at CachingRegistryClient.get_ (C:\Program Files\nodejs\node_modules\npm\lib\cache\caching-client.js:126:16)
37 verbose stack     at C:\Program Files\nodejs\node_modules\npm\lib\cache\caching-client.js:91:14
37 verbose stack     at C:\Program Files\nodejs\node_modules\npm\node_modules\graceful-fs\graceful-fs.js:78:16
38 verbose cwd D:\work\Free code camp\Random quote generator
39 error Windows_NT 6.1.7601
40 error argv "C:\\Program Files\\nodejs\\node.exe" "C:\\Program Files\\nodejs\\node_modules\\npm\\bin\\npm-cli.js" "update" "jQuery"
41 error node v6.5.0
42 error npm  v3.10.3
43 error code ETARGET
44 error notarget No compatible version found: jQuery@'>=1.9.1 <2.0.0'
44 error notarget Valid install targets:
44 error notarget 1.6.2, 1.6.3, 1.7.2, 1.7.3, 1.7.4
45 error notarget This is most likely not a problem with npm itself.
45 error notarget In most cases you or one of your dependencies are requesting
45 error notarget a package version that doesn't exist.
46 verbose exit [ 1, true ]
